ERROR - 2022-12-11 21:34:48 --> mysqli_sql_exception: Can't create table `posab`.`t_tipekayu` (errno: 150 "Foreign key constraint is incorrectly formed") in D:\xampp\htdocs\pos-kayu\vendor\codeigniter4\framework\system\Database\MySQLi\Connection.php:292
Stack trace:
#0 D:\xampp\htdocs\pos-kayu\vendor\codeigniter4\framework\system\Database\MySQLi\Connection.php(292): mysqli->query('CREATE TABLE `t...', 0)
#1 D:\xampp\htdocs\pos-kayu\vendor\codeigniter4\framework\system\Database\BaseConnection.php(666): CodeIgniter\Database\MySQLi\Connection->execute('CREATE TABLE `t...')
#2 D:\xampp\htdocs\pos-kayu\vendor\codeigniter4\framework\system\Database\BaseConnection.php(593): CodeIgniter\Database\BaseConnection->simpleQuery('CREATE TABLE `t...')
#3 D:\xampp\htdocs\pos-kayu\vendor\codeigniter4\framework\system\Database\Forge.php(509): CodeIgniter\Database\BaseConnection->query('CREATE TABLE `t...')
#4 D:\xampp\htdocs\pos-kayu\app\Database\Migrations\2022-09-12-111413_t_tipekayu.php(18): CodeIgniter\Database\Forge->createTable('t_tipekayu')
#5 D:\xampp\htdocs\pos-kayu\vendor\codeigniter4\framework\system\Database\MigrationRunner.php(868): App\Database\Migrations\T_tipekayu->up()
#6 D:\xampp\htdocs\pos-kayu\vendor\codeigniter4\framework\system\Database\MigrationRunner.php(187): CodeIgniter\Database\MigrationRunner->migrate('up', Object(stdClass))
#7 D:\xampp\htdocs\pos-kayu\vendor\codeigniter4\framework\system\Commands\Database\Migrate.php(84): CodeIgniter\Database\MigrationRunner->latest(NULL)
#8 D:\xampp\htdocs\pos-kayu\vendor\codeigniter4\framework\system\CLI\Commands.php(63): CodeIgniter\Commands\Database\Migrate->run(Array)
#9 D:\xampp\htdocs\pos-kayu\vendor\codeigniter4\framework\system\CLI\BaseCommand.php(112): CodeIgniter\CLI\Commands->run('migrate', Array)
#10 D:\xampp\htdocs\pos-kayu\vendor\codeigniter4\framework\system\Commands\Database\MigrateRefresh.php(85): CodeIgniter\CLI\BaseCommand->call('migrate', Array)
#11 D:\xampp\htdocs\pos-kayu\vendor\codeigniter4\framework\system\CLI\Commands.php(63): CodeIgniter\Commands\Database\MigrateRefresh->run(Array)
#12 D:\xampp\htdocs\pos-kayu\vendor\codeigniter4\framework\system\CLI\CommandRunner.php(65): CodeIgniter\CLI\Commands->run('migrate:refresh', Array)
#13 D:\xampp\htdocs\pos-kayu\vendor\codeigniter4\framework\system\CLI\CommandRunner.php(51): CodeIgniter\CLI\CommandRunner->index(Array)
#14 D:\xampp\htdocs\pos-kayu\vendor\codeigniter4\framework\system\CodeIgniter.php(920): CodeIgniter\CLI\CommandRunner->_remap('index', Array)
#15 D:\xampp\htdocs\pos-kayu\vendor\codeigniter4\framework\system\CodeIgniter.php(482): CodeIgniter\CodeIgniter->runController(Object(CodeIgniter\CLI\CommandRunner))
#16 D:\xampp\htdocs\pos-kayu\vendor\codeigniter4\framework\system\CodeIgniter.php(347): CodeIgniter\CodeIgniter->handleRequest(NULL, Object(Config\Cache), false)
#17 D:\xampp\htdocs\pos-kayu\vendor\codeigniter4\framework\system\CLI\Console.php(48): CodeIgniter\CodeIgniter->run()
#18 D:\xampp\htdocs\pos-kayu\spark(98): CodeIgniter\CLI\Console->run()
#19 {main}
ERROR - 2022-12-11 21:36:37 --> mysqli_sql_exception: Can't create table `posab`.`t_ukurankayu` (errno: 150 "Foreign key constraint is incorrectly formed") in D:\xampp\htdocs\pos-kayu\vendor\codeigniter4\framework\system\Database\MySQLi\Connection.php:292
Stack trace:
#0 D:\xampp\htdocs\pos-kayu\vendor\codeigniter4\framework\system\Database\MySQLi\Connection.php(292): mysqli->query('CREATE TABLE `t...', 0)
#1 D:\xampp\htdocs\pos-kayu\vendor\codeigniter4\framework\system\Database\BaseConnection.php(666): CodeIgniter\Database\MySQLi\Connection->execute('CREATE TABLE `t...')
#2 D:\xampp\htdocs\pos-kayu\vendor\codeigniter4\framework\system\Database\BaseConnection.php(593): CodeIgniter\Database\BaseConnection->simpleQuery('CREATE TABLE `t...')
#3 D:\xampp\htdocs\pos-kayu\vendor\codeigniter4\framework\system\Database\Forge.php(509): CodeIgniter\Database\BaseConnection->query('CREATE TABLE `t...')
#4 D:\xampp\htdocs\pos-kayu\app\Database\Migrations\2022-09-12-111443_t_ukurankayu.php(18): CodeIgniter\Database\Forge->createTable('t_ukurankayu')
#5 D:\xampp\htdocs\pos-kayu\vendor\codeigniter4\framework\system\Database\MigrationRunner.php(868): App\Database\Migrations\T_ukurankayu->up()
#6 D:\xampp\htdocs\pos-kayu\vendor\codeigniter4\framework\system\Database\MigrationRunner.php(187): CodeIgniter\Database\MigrationRunner->migrate('up', Object(stdClass))
#7 D:\xampp\htdocs\pos-kayu\vendor\codeigniter4\framework\system\Commands\Database\Migrate.php(84): CodeIgniter\Database\MigrationRunner->latest(NULL)
#8 D:\xampp\htdocs\pos-kayu\vendor\codeigniter4\framework\system\CLI\Commands.php(63): CodeIgniter\Commands\Database\Migrate->run(Array)
#9 D:\xampp\htdocs\pos-kayu\vendor\codeigniter4\framework\system\CLI\BaseCommand.php(112): CodeIgniter\CLI\Commands->run('migrate', Array)
#10 D:\xampp\htdocs\pos-kayu\vendor\codeigniter4\framework\system\Commands\Database\MigrateRefresh.php(85): CodeIgniter\CLI\BaseCommand->call('migrate', Array)
#11 D:\xampp\htdocs\pos-kayu\vendor\codeigniter4\framework\system\CLI\Commands.php(63): CodeIgniter\Commands\Database\MigrateRefresh->run(Array)
#12 D:\xampp\htdocs\pos-kayu\vendor\codeigniter4\framework\system\CLI\CommandRunner.php(65): CodeIgniter\CLI\Commands->run('migrate:refresh', Array)
#13 D:\xampp\htdocs\pos-kayu\vendor\codeigniter4\framework\system\CLI\CommandRunner.php(51): CodeIgniter\CLI\CommandRunner->index(Array)
#14 D:\xampp\htdocs\pos-kayu\vendor\codeigniter4\framework\system\CodeIgniter.php(920): CodeIgniter\CLI\CommandRunner->_remap('index', Array)
#15 D:\xampp\htdocs\pos-kayu\vendor\codeigniter4\framework\system\CodeIgniter.php(482): CodeIgniter\CodeIgniter->runController(Object(CodeIgniter\CLI\CommandRunner))
#16 D:\xampp\htdocs\pos-kayu\vendor\codeigniter4\framework\system\CodeIgniter.php(347): CodeIgniter\CodeIgniter->handleRequest(NULL, Object(Config\Cache), false)
#17 D:\xampp\htdocs\pos-kayu\vendor\codeigniter4\framework\system\CLI\Console.php(48): CodeIgniter\CodeIgniter->run()
#18 D:\xampp\htdocs\pos-kayu\spark(98): CodeIgniter\CLI\Console->run()
#19 {main}
