CRITICAL - 2023-01-16 11:04:26 --> Invalid argument supplied for foreach()
in APPPATH\Views\iuran\index.php on line 96.
 1 APPPATH\Views\iuran\index.php(96): CodeIgniter\Debug\Exceptions->errorHandler(2, 'Invalid argument supplied for foreach()', 'APPPATH\\Views\\iuran\\index.php', 96, [...])
 2 SYSTEMPATH\View\View.php(213): include('APPPATH\\Views\\iuran\\index.php')
 3 SYSTEMPATH\View\View.php(216): CodeIgniter\View\View->CodeIgniter\View\{closure}()
 4 SYSTEMPATH\Common.php(1135): CodeIgniter\View\View->render('iuran/index', [], true)
 5 APPPATH\Controllers\Iuran.php(125): view('iuran/index', [...])
 6 SYSTEMPATH\CodeIgniter.php(925): App\Controllers\Iuran->index()
 7 SYSTEMPATH\CodeIgniter.php(480): CodeIgniter\CodeIgniter->runController(Object(App\Controllers\Iuran))
 8 SYSTEMPATH\CodeIgniter.php(349): CodeIgniter\CodeIgniter->handleRequest(null, Object(Config\Cache), false)
 9 FCPATH\index.php(67): CodeIgniter\CodeIgniter->run()
CRITICAL - 2023-01-16 11:04:34 --> compact(): Undefined variable: build
in APPPATH\Controllers\Iuran.php on line 125.
 1 [internal function]: CodeIgniter\Debug\Exceptions->errorHandler(8, 'compact(): Undefined variable: build', 'APPPATH\\Controllers\\Iuran.php', 125, [...])
 2 APPPATH\Controllers\Iuran.php(125): compact('data', 'build')
 3 SYSTEMPATH\CodeIgniter.php(925): App\Controllers\Iuran->index()
 4 SYSTEMPATH\CodeIgniter.php(480): CodeIgniter\CodeIgniter->runController(Object(App\Controllers\Iuran))
 5 SYSTEMPATH\CodeIgniter.php(349): CodeIgniter\CodeIgniter->handleRequest(null, Object(Config\Cache), false)
 6 FCPATH\index.php(67): CodeIgniter\CodeIgniter->run()
CRITICAL - 2023-01-16 11:05:06 --> Undefined index: iuran
in APPPATH\Views\iuran\index.php on line 96.
 1 APPPATH\Views\iuran\index.php(96): CodeIgniter\Debug\Exceptions->errorHandler(8, 'Undefined index: iuran', 'APPPATH\\Views\\iuran\\index.php', 96, [...])
 2 SYSTEMPATH\View\View.php(213): include('APPPATH\\Views\\iuran\\index.php')
 3 SYSTEMPATH\View\View.php(216): CodeIgniter\View\View->CodeIgniter\View\{closure}()
 4 SYSTEMPATH\Common.php(1135): CodeIgniter\View\View->render('iuran/index', [], true)
 5 APPPATH\Controllers\Iuran.php(126): view('iuran/index', [...])
 6 SYSTEMPATH\CodeIgniter.php(925): App\Controllers\Iuran->index()
 7 SYSTEMPATH\CodeIgniter.php(480): CodeIgniter\CodeIgniter->runController(Object(App\Controllers\Iuran))
 8 SYSTEMPATH\CodeIgniter.php(349): CodeIgniter\CodeIgniter->handleRequest(null, Object(Config\Cache), false)
 9 FCPATH\index.php(67): CodeIgniter\CodeIgniter->run()
CRITICAL - 2023-01-16 11:05:26 --> Undefined variable: vviuran
in APPPATH\Views\iuran\index.php on line 99.
 1 APPPATH\Views\iuran\index.php(99): CodeIgniter\Debug\Exceptions->errorHandler(8, 'Undefined variable: vviuran', 'APPPATH\\Views\\iuran\\index.php', 99, [...])
 2 SYSTEMPATH\View\View.php(213): include('APPPATH\\Views\\iuran\\index.php')
 3 SYSTEMPATH\View\View.php(216): CodeIgniter\View\View->CodeIgniter\View\{closure}()
 4 SYSTEMPATH\Common.php(1135): CodeIgniter\View\View->render('iuran/index', [], true)
 5 APPPATH\Controllers\Iuran.php(126): view('iuran/index', [...])
 6 SYSTEMPATH\CodeIgniter.php(925): App\Controllers\Iuran->index()
 7 SYSTEMPATH\CodeIgniter.php(480): CodeIgniter\CodeIgniter->runController(Object(App\Controllers\Iuran))
 8 SYSTEMPATH\CodeIgniter.php(349): CodeIgniter\CodeIgniter->handleRequest(null, Object(Config\Cache), false)
 9 FCPATH\index.php(67): CodeIgniter\CodeIgniter->run()
CRITICAL - 2023-01-16 11:05:36 --> syntax error, unexpected '?>'
in APPPATH\Views\iuran\index.php on line 99.
 1 SYSTEMPATH\View\View.php(216): CodeIgniter\View\View->CodeIgniter\View\{closure}()
 2 SYSTEMPATH\Common.php(1135): CodeIgniter\View\View->render('iuran/index', [], true)
 3 APPPATH\Controllers\Iuran.php(126): view('iuran/index', [...])
 4 SYSTEMPATH\CodeIgniter.php(925): App\Controllers\Iuran->index()
 5 SYSTEMPATH\CodeIgniter.php(480): CodeIgniter\CodeIgniter->runController(Object(App\Controllers\Iuran))
 6 SYSTEMPATH\CodeIgniter.php(349): CodeIgniter\CodeIgniter->handleRequest(null, Object(Config\Cache), false)
 7 FCPATH\index.php(67): CodeIgniter\CodeIgniter->run()
CRITICAL - 2023-01-16 11:07:04 --> Undefined variable: build
in APPPATH\Views\layout\topbar.php on line 174.
 1 APPPATH\Views\layout\topbar.php(174): CodeIgniter\Debug\Exceptions->errorHandler(8, 'Undefined variable: build', 'APPPATH\\Views\\layout\\topbar.php', 174, [...])
 2 SYSTEMPATH\View\View.php(213): include('APPPATH\\Views\\layout\\topbar.php')
 3 SYSTEMPATH\View\View.php(216): CodeIgniter\View\View->CodeIgniter\View\{closure}()
 4 SYSTEMPATH\View\View.php(431): CodeIgniter\View\View->render('layout/topbar', null, true)
 5 APPPATH\Views\layout\app.php(48): CodeIgniter\View\View->include('layout/topbar')
 6 SYSTEMPATH\View\View.php(213): include('APPPATH\\Views\\layout\\app.php')
 7 SYSTEMPATH\View\View.php(216): CodeIgniter\View\View->CodeIgniter\View\{closure}()
 8 SYSTEMPATH\View\View.php(229): CodeIgniter\View\View->render('layout/app', [], true)
 9 SYSTEMPATH\Common.php(1135): CodeIgniter\View\View->render('iuran/index', [], true)
10 APPPATH\Controllers\Iuran.php(126): view('iuran/index', [...])
11 SYSTEMPATH\CodeIgniter.php(925): App\Controllers\Iuran->index()
12 SYSTEMPATH\CodeIgniter.php(480): CodeIgniter\CodeIgniter->runController(Object(App\Controllers\Iuran))
13 SYSTEMPATH\CodeIgniter.php(349): CodeIgniter\CodeIgniter->handleRequest(null, Object(Config\Cache), false)
14 FCPATH\index.php(67): CodeIgniter\CodeIgniter->run()
CRITICAL - 2023-01-16 11:10:38 --> Undefined variable: get_kas
in APPPATH\Views\iuran\index.php on line 96.
 1 APPPATH\Views\iuran\index.php(96): CodeIgniter\Debug\Exceptions->errorHandler(8, 'Undefined variable: get_kas', 'APPPATH\\Views\\iuran\\index.php', 96, [...])
 2 SYSTEMPATH\View\View.php(213): include('APPPATH\\Views\\iuran\\index.php')
 3 SYSTEMPATH\View\View.php(216): CodeIgniter\View\View->CodeIgniter\View\{closure}()
 4 SYSTEMPATH\Common.php(1135): CodeIgniter\View\View->render('iuran/index', [], true)
 5 APPPATH\Controllers\Iuran.php(127): view('iuran/index', [...])
 6 SYSTEMPATH\CodeIgniter.php(925): App\Controllers\Iuran->index()
 7 SYSTEMPATH\CodeIgniter.php(480): CodeIgniter\CodeIgniter->runController(Object(App\Controllers\Iuran))
 8 SYSTEMPATH\CodeIgniter.php(349): CodeIgniter\CodeIgniter->handleRequest(null, Object(Config\Cache), false)
 9 FCPATH\index.php(67): CodeIgniter\CodeIgniter->run()
CRITICAL - 2023-01-16 11:31:56 --> Undefined variable: vviuran
in APPPATH\Views\iuran\index.php on line 105.
 1 APPPATH\Views\iuran\index.php(105): CodeIgniter\Debug\Exceptions->errorHandler(8, 'Undefined variable: vviuran', 'APPPATH\\Views\\iuran\\index.php', 105, [...])
 2 SYSTEMPATH\View\View.php(213): include('APPPATH\\Views\\iuran\\index.php')
 3 SYSTEMPATH\View\View.php(216): CodeIgniter\View\View->CodeIgniter\View\{closure}()
 4 SYSTEMPATH\Common.php(1135): CodeIgniter\View\View->render('iuran/index', [], true)
 5 APPPATH\Controllers\Iuran.php(130): view('iuran/index', [...])
 6 SYSTEMPATH\CodeIgniter.php(925): App\Controllers\Iuran->index()
 7 SYSTEMPATH\CodeIgniter.php(480): CodeIgniter\CodeIgniter->runController(Object(App\Controllers\Iuran))
 8 SYSTEMPATH\CodeIgniter.php(349): CodeIgniter\CodeIgniter->handleRequest(null, Object(Config\Cache), false)
 9 FCPATH\index.php(67): CodeIgniter\CodeIgniter->run()
CRITICAL - 2023-01-16 11:32:11 --> Undefined variable: vviuran
in APPPATH\Views\iuran\index.php on line 111.
 1 APPPATH\Views\iuran\index.php(111): CodeIgniter\Debug\Exceptions->errorHandler(8, 'Undefined variable: vviuran', 'APPPATH\\Views\\iuran\\index.php', 111, [...])
 2 SYSTEMPATH\View\View.php(213): include('APPPATH\\Views\\iuran\\index.php')
 3 SYSTEMPATH\View\View.php(216): CodeIgniter\View\View->CodeIgniter\View\{closure}()
 4 SYSTEMPATH\Common.php(1135): CodeIgniter\View\View->render('iuran/index', [], true)
 5 APPPATH\Controllers\Iuran.php(130): view('iuran/index', [...])
 6 SYSTEMPATH\CodeIgniter.php(925): App\Controllers\Iuran->index()
 7 SYSTEMPATH\CodeIgniter.php(480): CodeIgniter\CodeIgniter->runController(Object(App\Controllers\Iuran))
 8 SYSTEMPATH\CodeIgniter.php(349): CodeIgniter\CodeIgniter->handleRequest(null, Object(Config\Cache), false)
 9 FCPATH\index.php(67): CodeIgniter\CodeIgniter->run()
CRITICAL - 2023-01-16 13:10:52 --> Undefined index: var
in APPPATH\Views\iuran\edit.php on line 46.
 1 APPPATH\Views\iuran\edit.php(46): CodeIgniter\Debug\Exceptions->errorHandler(8, 'Undefined index: var', 'APPPATH\\Views\\iuran\\edit.php', 46, [...])
 2 SYSTEMPATH\View\View.php(213): include('APPPATH\\Views\\iuran\\edit.php')
 3 SYSTEMPATH\View\View.php(216): CodeIgniter\View\View->CodeIgniter\View\{closure}()
 4 SYSTEMPATH\Common.php(1135): CodeIgniter\View\View->render('iuran/edit', [], true)
 5 APPPATH\Controllers\Iuran.php(262): view('iuran/edit', [...])
 6 SYSTEMPATH\CodeIgniter.php(925): App\Controllers\Iuran->edit('1')
 7 SYSTEMPATH\CodeIgniter.php(480): CodeIgniter\CodeIgniter->runController(Object(App\Controllers\Iuran))
 8 SYSTEMPATH\CodeIgniter.php(349): CodeIgniter\CodeIgniter->handleRequest(null, Object(Config\Cache), false)
 9 FCPATH\index.php(67): CodeIgniter\CodeIgniter->run()
CRITICAL - 2023-01-16 13:12:23 --> date_format() expects parameter 1 to be DateTimeInterface, string given
in APPPATH\Views\iuran\edit.php on line 46.
 1 [internal function]: CodeIgniter\Debug\Exceptions->errorHandler(2, 'date_format() expects parameter 1 to be DateTimeInterface, string given', 'APPPATH\\Views\\iuran\\edit.php', 46, [...])
 2 APPPATH\Views\iuran\edit.php(46): date_format('2023-01-16 10:11:53', 'Y-m-d')
 3 SYSTEMPATH\View\View.php(213): include('APPPATH\\Views\\iuran\\edit.php')
 4 SYSTEMPATH\View\View.php(216): CodeIgniter\View\View->CodeIgniter\View\{closure}()
 5 SYSTEMPATH\Common.php(1135): CodeIgniter\View\View->render('iuran/edit', [], true)
 6 APPPATH\Controllers\Iuran.php(262): view('iuran/edit', [...])
 7 SYSTEMPATH\CodeIgniter.php(925): App\Controllers\Iuran->edit('1')
 8 SYSTEMPATH\CodeIgniter.php(480): CodeIgniter\CodeIgniter->runController(Object(App\Controllers\Iuran))
 9 SYSTEMPATH\CodeIgniter.php(349): CodeIgniter\CodeIgniter->handleRequest(null, Object(Config\Cache), false)
10 FCPATH\index.php(67): CodeIgniter\CodeIgniter->run()
CRITICAL - 2023-01-16 13:12:49 --> date_format() expects parameter 1 to be DateTimeInterface, string given
in APPPATH\Views\iuran\edit.php on line 46.
 1 [internal function]: CodeIgniter\Debug\Exceptions->errorHandler(2, 'date_format() expects parameter 1 to be DateTimeInterface, string given', 'APPPATH\\Views\\iuran\\edit.php', 46, [...])
 2 APPPATH\Views\iuran\edit.php(46): date_format('2023-01-16 10:11:53', 'Y-m-d')
 3 SYSTEMPATH\View\View.php(213): include('APPPATH\\Views\\iuran\\edit.php')
 4 SYSTEMPATH\View\View.php(216): CodeIgniter\View\View->CodeIgniter\View\{closure}()
 5 SYSTEMPATH\Common.php(1135): CodeIgniter\View\View->render('iuran/edit', [], true)
 6 APPPATH\Controllers\Iuran.php(262): view('iuran/edit', [...])
 7 SYSTEMPATH\CodeIgniter.php(925): App\Controllers\Iuran->edit('1')
 8 SYSTEMPATH\CodeIgniter.php(480): CodeIgniter\CodeIgniter->runController(Object(App\Controllers\Iuran))
 9 SYSTEMPATH\CodeIgniter.php(349): CodeIgniter\CodeIgniter->handleRequest(null, Object(Config\Cache), false)
10 FCPATH\index.php(67): CodeIgniter\CodeIgniter->run()
CRITICAL - 2023-01-16 13:12:58 --> date_format() expects parameter 1 to be DateTimeInterface, string given
in APPPATH\Views\iuran\edit.php on line 46.
 1 [internal function]: CodeIgniter\Debug\Exceptions->errorHandler(2, 'date_format() expects parameter 1 to be DateTimeInterface, string given', 'APPPATH\\Views\\iuran\\edit.php', 46, [...])
 2 APPPATH\Views\iuran\edit.php(46): date_format('2023-01-16 10:11:53', 'Y-m-d')
 3 SYSTEMPATH\View\View.php(213): include('APPPATH\\Views\\iuran\\edit.php')
 4 SYSTEMPATH\View\View.php(216): CodeIgniter\View\View->CodeIgniter\View\{closure}()
 5 SYSTEMPATH\Common.php(1135): CodeIgniter\View\View->render('iuran/edit', [], true)
 6 APPPATH\Controllers\Iuran.php(262): view('iuran/edit', [...])
 7 SYSTEMPATH\CodeIgniter.php(925): App\Controllers\Iuran->edit('1')
 8 SYSTEMPATH\CodeIgniter.php(480): CodeIgniter\CodeIgniter->runController(Object(App\Controllers\Iuran))
 9 SYSTEMPATH\CodeIgniter.php(349): CodeIgniter\CodeIgniter->handleRequest(null, Object(Config\Cache), false)
10 FCPATH\index.php(67): CodeIgniter\CodeIgniter->run()
CRITICAL - 2023-01-16 13:42:59 --> include(D:\laragon\www\stdp\vendor\composer/../dompdf/dompdf/lib/Cpdf.php): failed to open stream: No such file or directory
in VENDORPATH\composer\ClassLoader.php on line 571.
 1 VENDORPATH\composer\ClassLoader.php(571): CodeIgniter\Debug\Exceptions->errorHandler(2, 'include(D:\\laragon\\www\\stdp\\vendor\\composer/../dompdf/dompdf/lib/Cpdf.php): failed to open stream: No such file or directory', 'VENDORPATH\\composer\\ClassLoader.php', 571, [...])
 2 VENDORPATH\composer\ClassLoader.php(571): include()
 3 VENDORPATH\composer\ClassLoader.php(428): Composer\Autoload\includeFile('VENDORPATH\\composer/../dompdf/dompdf/lib/Cpdf.php')
 4 [internal function]: Composer\Autoload\ClassLoader->loadClass('Dompdf\\Cpdf')
 5 APPPATH\ThirdParty\dompdf\src\Adapter\CPDF.php(177): spl_autoload_call('Dompdf\\Cpdf')
 6 APPPATH\ThirdParty\dompdf\src\CanvasFactory.php(56): Dompdf\Adapter\CPDF->__construct('letter', 'portrait', Object(Dompdf\Dompdf))
 7 APPPATH\ThirdParty\dompdf\src\Dompdf.php(274): Dompdf\CanvasFactory::get_instance(Object(Dompdf\Dompdf), 'letter', 'portrait')
 8 APPPATH\Controllers\Presensi.php(25): Dompdf\Dompdf->__construct()
 9 SYSTEMPATH\CodeIgniter.php(925): App\Controllers\Presensi->pdf('1')
10 SYSTEMPATH\CodeIgniter.php(480): CodeIgniter\CodeIgniter->runController(Object(App\Controllers\Presensi))
11 SYSTEMPATH\CodeIgniter.php(349): CodeIgniter\CodeIgniter->handleRequest(null, Object(Config\Cache), false)
12 FCPATH\index.php(67): CodeIgniter\CodeIgniter->run()
CRITICAL - 2023-01-16 13:43:57 --> include(D:\laragon\www\stdp\vendor\composer/../dompdf/dompdf/lib/Cpdf.php): failed to open stream: No such file or directory
in VENDORPATH\composer\ClassLoader.php on line 571.
 1 VENDORPATH\composer\ClassLoader.php(571): CodeIgniter\Debug\Exceptions->errorHandler(2, 'include(D:\\laragon\\www\\stdp\\vendor\\composer/../dompdf/dompdf/lib/Cpdf.php): failed to open stream: No such file or directory', 'VENDORPATH\\composer\\ClassLoader.php', 571, [...])
 2 VENDORPATH\composer\ClassLoader.php(571): include()
 3 VENDORPATH\composer\ClassLoader.php(428): Composer\Autoload\includeFile('VENDORPATH\\composer/../dompdf/dompdf/lib/Cpdf.php')
 4 [internal function]: Composer\Autoload\ClassLoader->loadClass('Dompdf\\Cpdf')
 5 APPPATH\ThirdParty\dompdf\src\Adapter\CPDF.php(177): spl_autoload_call('Dompdf\\Cpdf')
 6 APPPATH\ThirdParty\dompdf\src\CanvasFactory.php(56): Dompdf\Adapter\CPDF->__construct('letter', 'portrait', Object(Dompdf\Dompdf))
 7 APPPATH\ThirdParty\dompdf\src\Dompdf.php(274): Dompdf\CanvasFactory::get_instance(Object(Dompdf\Dompdf), 'letter', 'portrait')
 8 APPPATH\Controllers\Presensi.php(23): Dompdf\Dompdf->__construct()
 9 SYSTEMPATH\CodeIgniter.php(925): App\Controllers\Presensi->pdf('1')
10 SYSTEMPATH\CodeIgniter.php(480): CodeIgniter\CodeIgniter->runController(Object(App\Controllers\Presensi))
11 SYSTEMPATH\CodeIgniter.php(349): CodeIgniter\CodeIgniter->handleRequest(null, Object(Config\Cache), false)
12 FCPATH\index.php(67): CodeIgniter\CodeIgniter->run()
CRITICAL - 2023-01-16 13:43:58 --> include(D:\laragon\www\stdp\vendor\composer/../dompdf/dompdf/lib/Cpdf.php): failed to open stream: No such file or directory
in VENDORPATH\composer\ClassLoader.php on line 571.
 1 VENDORPATH\composer\ClassLoader.php(571): CodeIgniter\Debug\Exceptions->errorHandler(2, 'include(D:\\laragon\\www\\stdp\\vendor\\composer/../dompdf/dompdf/lib/Cpdf.php): failed to open stream: No such file or directory', 'VENDORPATH\\composer\\ClassLoader.php', 571, [...])
 2 VENDORPATH\composer\ClassLoader.php(571): include()
 3 VENDORPATH\composer\ClassLoader.php(428): Composer\Autoload\includeFile('VENDORPATH\\composer/../dompdf/dompdf/lib/Cpdf.php')
 4 [internal function]: Composer\Autoload\ClassLoader->loadClass('Dompdf\\Cpdf')
 5 APPPATH\ThirdParty\dompdf\src\Adapter\CPDF.php(177): spl_autoload_call('Dompdf\\Cpdf')
 6 APPPATH\ThirdParty\dompdf\src\CanvasFactory.php(56): Dompdf\Adapter\CPDF->__construct('letter', 'portrait', Object(Dompdf\Dompdf))
 7 APPPATH\ThirdParty\dompdf\src\Dompdf.php(274): Dompdf\CanvasFactory::get_instance(Object(Dompdf\Dompdf), 'letter', 'portrait')
 8 APPPATH\Controllers\Presensi.php(23): Dompdf\Dompdf->__construct()
 9 SYSTEMPATH\CodeIgniter.php(925): App\Controllers\Presensi->pdf('1')
10 SYSTEMPATH\CodeIgniter.php(480): CodeIgniter\CodeIgniter->runController(Object(App\Controllers\Presensi))
11 SYSTEMPATH\CodeIgniter.php(349): CodeIgniter\CodeIgniter->handleRequest(null, Object(Config\Cache), false)
12 FCPATH\index.php(67): CodeIgniter\CodeIgniter->run()
CRITICAL - 2023-01-16 13:44:41 --> include(D:\laragon\www\stdp\vendor\composer/../dompdf/dompdf/lib/Cpdf.php): failed to open stream: No such file or directory
in VENDORPATH\composer\ClassLoader.php on line 571.
 1 VENDORPATH\composer\ClassLoader.php(571): CodeIgniter\Debug\Exceptions->errorHandler(2, 'include(D:\\laragon\\www\\stdp\\vendor\\composer/../dompdf/dompdf/lib/Cpdf.php): failed to open stream: No such file or directory', 'VENDORPATH\\composer\\ClassLoader.php', 571, [...])
 2 VENDORPATH\composer\ClassLoader.php(571): include()
 3 VENDORPATH\composer\ClassLoader.php(428): Composer\Autoload\includeFile('VENDORPATH\\composer/../dompdf/dompdf/lib/Cpdf.php')
 4 [internal function]: Composer\Autoload\ClassLoader->loadClass('Dompdf\\Cpdf')
 5 APPPATH\ThirdParty\dompdf\src\Adapter\CPDF.php(177): spl_autoload_call('Dompdf\\Cpdf')
 6 APPPATH\ThirdParty\dompdf\src\CanvasFactory.php(56): Dompdf\Adapter\CPDF->__construct('letter', 'portrait', Object(Dompdf\Dompdf))
 7 APPPATH\ThirdParty\dompdf\src\Dompdf.php(274): Dompdf\CanvasFactory::get_instance(Object(Dompdf\Dompdf), 'letter', 'portrait')
 8 APPPATH\Controllers\Presensi.php(24): Dompdf\Dompdf->__construct()
 9 SYSTEMPATH\CodeIgniter.php(925): App\Controllers\Presensi->pdf('1')
10 SYSTEMPATH\CodeIgniter.php(480): CodeIgniter\CodeIgniter->runController(Object(App\Controllers\Presensi))
11 SYSTEMPATH\CodeIgniter.php(349): CodeIgniter\CodeIgniter->handleRequest(null, Object(Config\Cache), false)
12 FCPATH\index.php(67): CodeIgniter\CodeIgniter->run()
CRITICAL - 2023-01-16 13:44:43 --> include(D:\laragon\www\stdp\vendor\composer/../dompdf/dompdf/lib/Cpdf.php): failed to open stream: No such file or directory
in VENDORPATH\composer\ClassLoader.php on line 571.
 1 VENDORPATH\composer\ClassLoader.php(571): CodeIgniter\Debug\Exceptions->errorHandler(2, 'include(D:\\laragon\\www\\stdp\\vendor\\composer/../dompdf/dompdf/lib/Cpdf.php): failed to open stream: No such file or directory', 'VENDORPATH\\composer\\ClassLoader.php', 571, [...])
 2 VENDORPATH\composer\ClassLoader.php(571): include()
 3 VENDORPATH\composer\ClassLoader.php(428): Composer\Autoload\includeFile('VENDORPATH\\composer/../dompdf/dompdf/lib/Cpdf.php')
 4 [internal function]: Composer\Autoload\ClassLoader->loadClass('Dompdf\\Cpdf')
 5 APPPATH\ThirdParty\dompdf\src\Adapter\CPDF.php(177): spl_autoload_call('Dompdf\\Cpdf')
 6 APPPATH\ThirdParty\dompdf\src\CanvasFactory.php(56): Dompdf\Adapter\CPDF->__construct('letter', 'portrait', Object(Dompdf\Dompdf))
 7 APPPATH\ThirdParty\dompdf\src\Dompdf.php(274): Dompdf\CanvasFactory::get_instance(Object(Dompdf\Dompdf), 'letter', 'portrait')
 8 APPPATH\Controllers\Presensi.php(24): Dompdf\Dompdf->__construct()
 9 SYSTEMPATH\CodeIgniter.php(925): App\Controllers\Presensi->pdf('1')
10 SYSTEMPATH\CodeIgniter.php(480): CodeIgniter\CodeIgniter->runController(Object(App\Controllers\Presensi))
11 SYSTEMPATH\CodeIgniter.php(349): CodeIgniter\CodeIgniter->handleRequest(null, Object(Config\Cache), false)
12 FCPATH\index.php(67): CodeIgniter\CodeIgniter->run()
CRITICAL - 2023-01-16 13:46:22 --> App\Controllers\Presensi::pdf(): Failed opening required '/dompdf/lib/html5lib/Parser.php' (include_path='.;D:/laragon/etc/php/pear')
in APPPATH\Controllers\Presensi.php on line 24.
 1 [internal function]: CodeIgniter\Debug\Exceptions->shutdownHandler()
CRITICAL - 2023-01-16 14:00:18 --> Class 'App\Controllers\pdf' not found
in APPPATH\Controllers\Presensi.php on line 27.
 1 SYSTEMPATH\CodeIgniter.php(925): App\Controllers\Presensi->pdf('1')
 2 SYSTEMPATH\CodeIgniter.php(480): CodeIgniter\CodeIgniter->runController(Object(App\Controllers\Presensi))
 3 SYSTEMPATH\CodeIgniter.php(349): CodeIgniter\CodeIgniter->handleRequest(null, Object(Config\Cache), false)
 4 FCPATH\index.php(67): CodeIgniter\CodeIgniter->run()
CRITICAL - 2023-01-16 14:05:04 --> Class 'Dompdf\Dompdf' not found
in APPPATH\Controllers\Presensi.php on line 34.
 1 SYSTEMPATH\CodeIgniter.php(925): App\Controllers\Presensi->pdf('1')
 2 SYSTEMPATH\CodeIgniter.php(480): CodeIgniter\CodeIgniter->runController(Object(App\Controllers\Presensi))
 3 SYSTEMPATH\CodeIgniter.php(349): CodeIgniter\CodeIgniter->handleRequest(null, Object(Config\Cache), false)
 4 FCPATH\index.php(67): CodeIgniter\CodeIgniter->run()
CRITICAL - 2023-01-16 15:28:30 --> Undefined property: stdClass::$kode_id
in APPPATH\Views\presensi\pdf.php on line 57.
 1 APPPATH\Views\presensi\pdf.php(57): CodeIgniter\Debug\Exceptions->errorHandler(8, 'Undefined property: stdClass::$kode_id', 'APPPATH\\Views\\presensi\\pdf.php', 57, [...])
 2 SYSTEMPATH\View\View.php(213): include('APPPATH\\Views\\presensi\\pdf.php')
 3 SYSTEMPATH\View\View.php(216): CodeIgniter\View\View->CodeIgniter\View\{closure}()
 4 SYSTEMPATH\Common.php(1135): CodeIgniter\View\View->render('presensi/pdf', [], true)
 5 APPPATH\Controllers\Presensi.php(40): view('presensi/pdf', [...])
 6 SYSTEMPATH\CodeIgniter.php(925): App\Controllers\Presensi->pdf('all')
 7 SYSTEMPATH\CodeIgniter.php(480): CodeIgniter\CodeIgniter->runController(Object(App\Controllers\Presensi))
 8 SYSTEMPATH\CodeIgniter.php(349): CodeIgniter\CodeIgniter->handleRequest(null, Object(Config\Cache), false)
 9 FCPATH\index.php(67): CodeIgniter\CodeIgniter->run()
CRITICAL - 2023-01-16 15:28:59 --> Undefined property: stdClass::$kode_id
in APPPATH\Views\presensi\pdf.php on line 57.
 1 APPPATH\Views\presensi\pdf.php(57): CodeIgniter\Debug\Exceptions->errorHandler(8, 'Undefined property: stdClass::$kode_id', 'APPPATH\\Views\\presensi\\pdf.php', 57, [...])
 2 SYSTEMPATH\View\View.php(213): include('APPPATH\\Views\\presensi\\pdf.php')
 3 SYSTEMPATH\View\View.php(216): CodeIgniter\View\View->CodeIgniter\View\{closure}()
 4 SYSTEMPATH\Common.php(1135): CodeIgniter\View\View->render('presensi/pdf', [], true)
 5 APPPATH\Controllers\Presensi.php(42): view('presensi/pdf', [...])
 6 SYSTEMPATH\CodeIgniter.php(925): App\Controllers\Presensi->pdf('all')
 7 SYSTEMPATH\CodeIgniter.php(480): CodeIgniter\CodeIgniter->runController(Object(App\Controllers\Presensi))
 8 SYSTEMPATH\CodeIgniter.php(349): CodeIgniter\CodeIgniter->handleRequest(null, Object(Config\Cache), false)
 9 FCPATH\index.php(67): CodeIgniter\CodeIgniter->run()
