CRITICAL - 2022-12-14 10:59:53 --> syntax error, unexpected token "if"
in APPPATH\Controllers\Persediaan.php on line 137.
 1 SYSTEMPATH\Autoloader\Autoloader.php(259): CodeIgniter\Autoloader\Autoloader->includeFile('APPPATH\\Controllers\\Persediaan.php')
 2 SYSTEMPATH\Autoloader\Autoloader.php(237): CodeIgniter\Autoloader\Autoloader->loadInNamespace('App\\Controllers\\Persediaan')
 3 [internal function]: CodeIgniter\Autoloader\Autoloader->loadClass('App\\Controllers\\Persediaan')
 4 SYSTEMPATH\CodeIgniter.php(877): class_exists('\\App\\Controllers\\Persediaan', true)
 5 SYSTEMPATH\CodeIgniter.php(469): CodeIgniter\CodeIgniter->startController()
 6 SYSTEMPATH\CodeIgniter.php(351): CodeIgniter\CodeIgniter->handleRequest(null, Object(Config\Cache), false)
 7 FCPATH\index.php(67): CodeIgniter\CodeIgniter->run()
CRITICAL - 2022-12-14 11:01:10 -->  is not a valid rule.
in SYSTEMPATH\Validation\Validation.php on line 323.
 1 SYSTEMPATH\Validation\Validation.php(323): CodeIgniter\Validation\Exceptions\ValidationException::forRuleNotFound('ROOTPATH\\public')
 2 SYSTEMPATH\Validation\Validation.php(175): CodeIgniter\Validation\Validation->processRules('nama_tipe_kayu', 'nama_tipe_kayu', 'Reng1', [...], [...])
 3 SYSTEMPATH\Controller.php(140): CodeIgniter\Validation\Validation->run()
 4 APPPATH\Controllers\Persediaan.php(142): CodeIgniter\Controller->validate([...])
 5 SYSTEMPATH\CodeIgniter.php(927): App\Controllers\Persediaan->tb_tipe_kayu()
 6 SYSTEMPATH\CodeIgniter.php(482): CodeIgniter\CodeIgniter->runController(Object(App\Controllers\Persediaan))
 7 SYSTEMPATH\CodeIgniter.php(351): CodeIgniter\CodeIgniter->handleRequest(null, Object(Config\Cache), false)
 8 FCPATH\index.php(67): CodeIgniter\CodeIgniter->run()
CRITICAL - 2022-12-14 11:02:49 -->  is not a valid rule.
in SYSTEMPATH\Validation\Validation.php on line 323.
 1 SYSTEMPATH\Validation\Validation.php(323): CodeIgniter\Validation\Exceptions\ValidationException::forRuleNotFound('ROOTPATH\\public')
 2 SYSTEMPATH\Validation\Validation.php(175): CodeIgniter\Validation\Validation->processRules('nama_tipe_kayu', 'nama_tipe_kayu', 'Reng1', [...], [...])
 3 SYSTEMPATH\Controller.php(140): CodeIgniter\Validation\Validation->run()
 4 APPPATH\Controllers\Persediaan.php(139): CodeIgniter\Controller->validate([...])
 5 SYSTEMPATH\CodeIgniter.php(927): App\Controllers\Persediaan->tb_tipe_kayu()
 6 SYSTEMPATH\CodeIgniter.php(482): CodeIgniter\CodeIgniter->runController(Object(App\Controllers\Persediaan))
 7 SYSTEMPATH\CodeIgniter.php(351): CodeIgniter\CodeIgniter->handleRequest(null, Object(Config\Cache), false)
 8 FCPATH\index.php(67): CodeIgniter\CodeIgniter->run()
CRITICAL - 2022-12-14 11:03:08 -->  is not a valid rule.
in SYSTEMPATH\Validation\Validation.php on line 323.
 1 SYSTEMPATH\Validation\Validation.php(323): CodeIgniter\Validation\Exceptions\ValidationException::forRuleNotFound('ROOTPATH\\public')
 2 SYSTEMPATH\Validation\Validation.php(175): CodeIgniter\Validation\Validation->processRules('nama_tipe_kayu', 'nama_tipe_kayu', 'Reng1', [...], [...])
 3 SYSTEMPATH\Controller.php(140): CodeIgniter\Validation\Validation->run()
 4 APPPATH\Controllers\Persediaan.php(139): CodeIgniter\Controller->validate([...])
 5 SYSTEMPATH\CodeIgniter.php(927): App\Controllers\Persediaan->tb_tipe_kayu()
 6 SYSTEMPATH\CodeIgniter.php(482): CodeIgniter\CodeIgniter->runController(Object(App\Controllers\Persediaan))
 7 SYSTEMPATH\CodeIgniter.php(351): CodeIgniter\CodeIgniter->handleRequest(null, Object(Config\Cache), false)
 8 FCPATH\index.php(67): CodeIgniter\CodeIgniter->run()
CRITICAL - 2022-12-14 11:04:37 --> Array to string conversion
in APPPATH\Controllers\Persediaan.php on line 135.
 1 APPPATH\Controllers\Persediaan.php(135): CodeIgniter\Debug\Exceptions->errorHandler(2, 'Array to string conversion', 'APPPATH\\Controllers\\Persediaan.php', 135)
 2 SYSTEMPATH\CodeIgniter.php(927): App\Controllers\Persediaan->tb_tipe_kayu()
 3 SYSTEMPATH\CodeIgniter.php(482): CodeIgniter\CodeIgniter->runController(Object(App\Controllers\Persediaan))
 4 SYSTEMPATH\CodeIgniter.php(351): CodeIgniter\CodeIgniter->handleRequest(null, Object(Config\Cache), false)
 5 FCPATH\index.php(67): CodeIgniter\CodeIgniter->run()
CRITICAL - 2022-12-14 11:04:42 --> Array to string conversion
in APPPATH\Controllers\Persediaan.php on line 135.
 1 APPPATH\Controllers\Persediaan.php(135): CodeIgniter\Debug\Exceptions->errorHandler(2, 'Array to string conversion', 'APPPATH\\Controllers\\Persediaan.php', 135)
 2 SYSTEMPATH\CodeIgniter.php(927): App\Controllers\Persediaan->tb_tipe_kayu()
 3 SYSTEMPATH\CodeIgniter.php(482): CodeIgniter\CodeIgniter->runController(Object(App\Controllers\Persediaan))
 4 SYSTEMPATH\CodeIgniter.php(351): CodeIgniter\CodeIgniter->handleRequest(null, Object(Config\Cache), false)
 5 FCPATH\index.php(67): CodeIgniter\CodeIgniter->run()
CRITICAL - 2022-12-14 11:06:21 --> preg_match(): Argument #2 ($subject) must be of type string, array given
in SYSTEMPATH\Validation\Validation.php on line 292.
 1 SYSTEMPATH\Validation\Validation.php(292): preg_match('/(.*?)\\[(.*)\\]/', [...], null)
 2 SYSTEMPATH\Validation\Validation.php(175): CodeIgniter\Validation\Validation->processRules('nama_tipe_kayu', 'nama_tipe_kayu', 'Reng', [...], [...])
 3 SYSTEMPATH\Controller.php(140): CodeIgniter\Validation\Validation->run()
 4 APPPATH\Controllers\Persediaan.php(143): CodeIgniter\Controller->validate([...])
 5 SYSTEMPATH\CodeIgniter.php(927): App\Controllers\Persediaan->tb_tipe_kayu()
 6 SYSTEMPATH\CodeIgniter.php(482): CodeIgniter\CodeIgniter->runController(Object(App\Controllers\Persediaan))
 7 SYSTEMPATH\CodeIgniter.php(351): CodeIgniter\CodeIgniter->handleRequest(null, Object(Config\Cache), false)
 8 FCPATH\index.php(67): CodeIgniter\CodeIgniter->run()
CRITICAL - 2022-12-14 11:06:58 --> 'required', 'is_unique is not a valid rule.
in SYSTEMPATH\Validation\Validation.php on line 323.
 1 SYSTEMPATH\Validation\Validation.php(323): CodeIgniter\Validation\Exceptions\ValidationException::forRuleNotFound('\'required\', \'is_unique')
 2 SYSTEMPATH\Validation\Validation.php(175): CodeIgniter\Validation\Validation->processRules('nama_tipe_kayu', 'nama_tipe_kayu', 'Reng', [...], [...])
 3 SYSTEMPATH\Controller.php(140): CodeIgniter\Validation\Validation->run()
 4 APPPATH\Controllers\Persediaan.php(143): CodeIgniter\Controller->validate([...])
 5 SYSTEMPATH\CodeIgniter.php(927): App\Controllers\Persediaan->tb_tipe_kayu()
 6 SYSTEMPATH\CodeIgniter.php(482): CodeIgniter\CodeIgniter->runController(Object(App\Controllers\Persediaan))
 7 SYSTEMPATH\CodeIgniter.php(351): CodeIgniter\CodeIgniter->handleRequest(null, Object(Config\Cache), false)
 8 FCPATH\index.php(67): CodeIgniter\CodeIgniter->run()
CRITICAL - 2022-12-14 11:07:48 --> required, is_unique is not a valid rule.
in SYSTEMPATH\Validation\Validation.php on line 323.
 1 SYSTEMPATH\Validation\Validation.php(323): CodeIgniter\Validation\Exceptions\ValidationException::forRuleNotFound('required, is_unique')
 2 SYSTEMPATH\Validation\Validation.php(175): CodeIgniter\Validation\Validation->processRules('nama_tipe_kayu', 'nama_tipe_kayu', 'Reng', [...], [...])
 3 SYSTEMPATH\Controller.php(140): CodeIgniter\Validation\Validation->run()
 4 APPPATH\Controllers\Persediaan.php(143): CodeIgniter\Controller->validate([...])
 5 SYSTEMPATH\CodeIgniter.php(927): App\Controllers\Persediaan->tb_tipe_kayu()
 6 SYSTEMPATH\CodeIgniter.php(482): CodeIgniter\CodeIgniter->runController(Object(App\Controllers\Persediaan))
 7 SYSTEMPATH\CodeIgniter.php(351): CodeIgniter\CodeIgniter->handleRequest(null, Object(Config\Cache), false)
 8 FCPATH\index.php(67): CodeIgniter\CodeIgniter->run()
CRITICAL - 2022-12-14 11:11:12 -->  is not a valid rule.
in SYSTEMPATH\Validation\Validation.php on line 323.
 1 SYSTEMPATH\Validation\Validation.php(323): CodeIgniter\Validation\Exceptions\ValidationException::forRuleNotFound('ROOTPATH\\public')
 2 SYSTEMPATH\Validation\Validation.php(175): CodeIgniter\Validation\Validation->processRules('nama_tipe_kayu', 'nama_tipe_kayu', 'Reng1', [...], [...])
 3 SYSTEMPATH\Controller.php(140): CodeIgniter\Validation\Validation->run()
 4 APPPATH\Controllers\Persediaan.php(146): CodeIgniter\Controller->validate([...])
 5 SYSTEMPATH\CodeIgniter.php(927): App\Controllers\Persediaan->tb_tipe_kayu()
 6 SYSTEMPATH\CodeIgniter.php(482): CodeIgniter\CodeIgniter->runController(Object(App\Controllers\Persediaan))
 7 SYSTEMPATH\CodeIgniter.php(351): CodeIgniter\CodeIgniter->handleRequest(null, Object(Config\Cache), false)
 8 FCPATH\index.php(67): CodeIgniter\CodeIgniter->run()
CRITICAL - 2022-12-14 11:12:22 --> required, is_unique is not a valid rule.
in SYSTEMPATH\Validation\Validation.php on line 323.
 1 SYSTEMPATH\Validation\Validation.php(323): CodeIgniter\Validation\Exceptions\ValidationException::forRuleNotFound('required, is_unique')
 2 SYSTEMPATH\Validation\Validation.php(175): CodeIgniter\Validation\Validation->processRules('nama_tipe_kayu', 'nama_tipe_kayu', 'Reng', [...], [...])
 3 SYSTEMPATH\Controller.php(140): CodeIgniter\Validation\Validation->run()
 4 APPPATH\Controllers\Persediaan.php(146): CodeIgniter\Controller->validate([...])
 5 SYSTEMPATH\CodeIgniter.php(927): App\Controllers\Persediaan->tb_tipe_kayu()
 6 SYSTEMPATH\CodeIgniter.php(482): CodeIgniter\CodeIgniter->runController(Object(App\Controllers\Persediaan))
 7 SYSTEMPATH\CodeIgniter.php(351): CodeIgniter\CodeIgniter->handleRequest(null, Object(Config\Cache), false)
 8 FCPATH\index.php(67): CodeIgniter\CodeIgniter->run()
CRITICAL - 2022-12-14 11:14:03 --> required|is_unique is not a valid rule.
in SYSTEMPATH\Validation\Validation.php on line 323.
 1 SYSTEMPATH\Validation\Validation.php(323): CodeIgniter\Validation\Exceptions\ValidationException::forRuleNotFound('required|is_unique')
 2 SYSTEMPATH\Validation\Validation.php(175): CodeIgniter\Validation\Validation->processRules('nama_tipe_kayu', 'nama_tipe_kayu', 'Reng', [...], [...])
 3 SYSTEMPATH\Controller.php(140): CodeIgniter\Validation\Validation->run()
 4 APPPATH\Controllers\Persediaan.php(146): CodeIgniter\Controller->validate([...])
 5 SYSTEMPATH\CodeIgniter.php(927): App\Controllers\Persediaan->tb_tipe_kayu()
 6 SYSTEMPATH\CodeIgniter.php(482): CodeIgniter\CodeIgniter->runController(Object(App\Controllers\Persediaan))
 7 SYSTEMPATH\CodeIgniter.php(351): CodeIgniter\CodeIgniter->handleRequest(null, Object(Config\Cache), false)
 8 FCPATH\index.php(67): CodeIgniter\CodeIgniter->run()
CRITICAL - 2022-12-14 11:14:11 --> required|is_unique is not a valid rule.
in SYSTEMPATH\Validation\Validation.php on line 323.
 1 SYSTEMPATH\Validation\Validation.php(323): CodeIgniter\Validation\Exceptions\ValidationException::forRuleNotFound('required|is_unique')
 2 SYSTEMPATH\Validation\Validation.php(175): CodeIgniter\Validation\Validation->processRules('nama_tipe_kayu', 'nama_tipe_kayu', 'Reng', [...], [...])
 3 SYSTEMPATH\Controller.php(140): CodeIgniter\Validation\Validation->run()
 4 APPPATH\Controllers\Persediaan.php(146): CodeIgniter\Controller->validate([...])
 5 SYSTEMPATH\CodeIgniter.php(927): App\Controllers\Persediaan->tb_tipe_kayu()
 6 SYSTEMPATH\CodeIgniter.php(482): CodeIgniter\CodeIgniter->runController(Object(App\Controllers\Persediaan))
 7 SYSTEMPATH\CodeIgniter.php(351): CodeIgniter\CodeIgniter->handleRequest(null, Object(Config\Cache), false)
 8 FCPATH\index.php(67): CodeIgniter\CodeIgniter->run()
CRITICAL - 2022-12-14 11:16:48 --> required|is_unique is not a valid rule.
in SYSTEMPATH\Validation\Validation.php on line 323.
 1 SYSTEMPATH\Validation\Validation.php(323): CodeIgniter\Validation\Exceptions\ValidationException::forRuleNotFound('required|is_unique')
 2 SYSTEMPATH\Validation\Validation.php(175): CodeIgniter\Validation\Validation->processRules('nama_tipe_kayu', 'nama_tipe_kayu', 'Reng', [...], [...])
 3 SYSTEMPATH\Controller.php(140): CodeIgniter\Validation\Validation->run()
 4 APPPATH\Controllers\Persediaan.php(145): CodeIgniter\Controller->validate([...])
 5 SYSTEMPATH\CodeIgniter.php(927): App\Controllers\Persediaan->tb_tipe_kayu()
 6 SYSTEMPATH\CodeIgniter.php(482): CodeIgniter\CodeIgniter->runController(Object(App\Controllers\Persediaan))
 7 SYSTEMPATH\CodeIgniter.php(351): CodeIgniter\CodeIgniter->handleRequest(null, Object(Config\Cache), false)
 8 FCPATH\index.php(67): CodeIgniter\CodeIgniter->run()
CRITICAL - 2022-12-14 11:16:57 --> required|is_unique is not a valid rule.
in SYSTEMPATH\Validation\Validation.php on line 323.
 1 SYSTEMPATH\Validation\Validation.php(323): CodeIgniter\Validation\Exceptions\ValidationException::forRuleNotFound('required|is_unique')
 2 SYSTEMPATH\Validation\Validation.php(175): CodeIgniter\Validation\Validation->processRules('nama_tipe_kayu', 'nama_tipe_kayu', 'Reng', [...], [...])
 3 SYSTEMPATH\Controller.php(140): CodeIgniter\Validation\Validation->run()
 4 APPPATH\Controllers\Persediaan.php(145): CodeIgniter\Controller->validate([...])
 5 SYSTEMPATH\CodeIgniter.php(927): App\Controllers\Persediaan->tb_tipe_kayu()
 6 SYSTEMPATH\CodeIgniter.php(482): CodeIgniter\CodeIgniter->runController(Object(App\Controllers\Persediaan))
 7 SYSTEMPATH\CodeIgniter.php(351): CodeIgniter\CodeIgniter->handleRequest(null, Object(Config\Cache), false)
 8 FCPATH\index.php(67): CodeIgniter\CodeIgniter->run()
CRITICAL - 2022-12-14 11:36:40 --> Allowed fields must be specified for model: App\Models\TipeKayuModel
in SYSTEMPATH\BaseModel.php on line 1160.
 1 SYSTEMPATH\BaseModel.php(1160): CodeIgniter\Database\Exceptions\DataException::forInvalidAllowedFields('App\\Models\\TipeKayuModel')
 2 SYSTEMPATH\BaseModel.php(724): CodeIgniter\BaseModel->doProtectFields([...])
 3 SYSTEMPATH\Model.php(667): CodeIgniter\BaseModel->insert([...], true)
 4 APPPATH\Controllers\Persediaan.php(160): CodeIgniter\Model->insert([...])
 5 SYSTEMPATH\CodeIgniter.php(927): App\Controllers\Persediaan->tb_tipe_kayu()
 6 SYSTEMPATH\CodeIgniter.php(482): CodeIgniter\CodeIgniter->runController(Object(App\Controllers\Persediaan))
 7 SYSTEMPATH\CodeIgniter.php(351): CodeIgniter\CodeIgniter->handleRequest(null, Object(Config\Cache), false)
 8 FCPATH\index.php(67): CodeIgniter\CodeIgniter->run()
CRITICAL - 2022-12-14 11:37:30 --> Allowed fields must be specified for model: App\Models\TipeKayuModel
in SYSTEMPATH\BaseModel.php on line 1160.
 1 SYSTEMPATH\BaseModel.php(1160): CodeIgniter\Database\Exceptions\DataException::forInvalidAllowedFields('App\\Models\\TipeKayuModel')
 2 SYSTEMPATH\BaseModel.php(724): CodeIgniter\BaseModel->doProtectFields([...])
 3 SYSTEMPATH\Model.php(667): CodeIgniter\BaseModel->insert([...], true)
 4 APPPATH\Controllers\Persediaan.php(160): CodeIgniter\Model->insert([...])
 5 SYSTEMPATH\CodeIgniter.php(927): App\Controllers\Persediaan->tb_tipe_kayu()
 6 SYSTEMPATH\CodeIgniter.php(482): CodeIgniter\CodeIgniter->runController(Object(App\Controllers\Persediaan))
 7 SYSTEMPATH\CodeIgniter.php(351): CodeIgniter\CodeIgniter->handleRequest(null, Object(Config\Cache), false)
 8 FCPATH\index.php(67): CodeIgniter\CodeIgniter->run()
CRITICAL - 2022-12-14 11:38:09 --> Allowed fields must be specified for model: App\Models\TipeKayuModel
in SYSTEMPATH\BaseModel.php on line 1160.
 1 SYSTEMPATH\BaseModel.php(1160): CodeIgniter\Database\Exceptions\DataException::forInvalidAllowedFields('App\\Models\\TipeKayuModel')
 2 SYSTEMPATH\BaseModel.php(724): CodeIgniter\BaseModel->doProtectFields([...])
 3 SYSTEMPATH\Model.php(667): CodeIgniter\BaseModel->insert([...], true)
 4 APPPATH\Controllers\Persediaan.php(160): CodeIgniter\Model->insert([...])
 5 SYSTEMPATH\CodeIgniter.php(927): App\Controllers\Persediaan->tb_tipe_kayu()
 6 SYSTEMPATH\CodeIgniter.php(482): CodeIgniter\CodeIgniter->runController(Object(App\Controllers\Persediaan))
 7 SYSTEMPATH\CodeIgniter.php(351): CodeIgniter\CodeIgniter->handleRequest(null, Object(Config\Cache), false)
 8 FCPATH\index.php(67): CodeIgniter\CodeIgniter->run()
CRITICAL - 2022-12-14 16:39:57 --> Undefined variable $v
in APPPATH\Controllers\Persediaan.php on line 341.
 1 APPPATH\Controllers\Persediaan.php(341): CodeIgniter\Debug\Exceptions->errorHandler(2, 'Undefined variable $v', 'APPPATH\\Controllers\\Persediaan.php', 341)
 2 SYSTEMPATH\CodeIgniter.php(927): App\Controllers\Persediaan->v_delete()
 3 SYSTEMPATH\CodeIgniter.php(482): CodeIgniter\CodeIgniter->runController(Object(App\Controllers\Persediaan))
 4 SYSTEMPATH\CodeIgniter.php(351): CodeIgniter\CodeIgniter->handleRequest(null, Object(Config\Cache), false)
 5 FCPATH\index.php(67): CodeIgniter\CodeIgniter->run()
ERROR - 2022-12-14 17:14:14 --> Error connecting to the database: mysqli_sql_exception: No connection could be made because the target machine actively refused it in D:\xampp\htdocs\pos-kayu\vendor\codeigniter4\framework\system\Database\MySQLi\Connection.php:171
Stack trace:
#0 D:\xampp\htdocs\pos-kayu\vendor\codeigniter4\framework\system\Database\MySQLi\Connection.php(171): mysqli->real_connect('127.0.0.1', 'root', '', 'posab', 3306, '', 0)
#1 D:\xampp\htdocs\pos-kayu\vendor\codeigniter4\framework\system\Database\BaseConnection.php(382): CodeIgniter\Database\MySQLi\Connection->connect(false)
#2 D:\xampp\htdocs\pos-kayu\vendor\codeigniter4\framework\system\Database\BaseConnection.php(561): CodeIgniter\Database\BaseConnection->initialize()
#3 D:\xampp\htdocs\pos-kayu\vendor\codeigniter4\framework\system\Database\BaseBuilder.php(1585): CodeIgniter\Database\BaseConnection->query('SELECT *\nFROM `...', Array, false)
#4 D:\xampp\htdocs\pos-kayu\vendor\codeigniter4\framework\system\Model.php(182): CodeIgniter\Database\BaseBuilder->get()
#5 D:\xampp\htdocs\pos-kayu\vendor\codeigniter4\framework\system\BaseModel.php(524): CodeIgniter\Model->doFind(true, '1')
#6 D:\xampp\htdocs\pos-kayu\app\ThirdParty\myth-auth\src\Authentication\AuthenticationBase.php(130): CodeIgniter\BaseModel->find('1')
#7 D:\xampp\htdocs\pos-kayu\app\ThirdParty\myth-auth\src\Authentication\LocalAuthenticator.php(67): Myth\Auth\Authentication\AuthenticationBase->isLoggedIn()
#8 D:\xampp\htdocs\pos-kayu\app\ThirdParty\myth-auth\src\Filters\RoleFilter.php(21): Myth\Auth\Authentication\LocalAuthenticator->check()
#9 D:\xampp\htdocs\pos-kayu\vendor\codeigniter4\framework\system\Filters\Filters.php(173): Myth\Auth\Filters\RoleFilter->before(Object(CodeIgniter\HTTP\IncomingRequest), Array)
#10 D:\xampp\htdocs\pos-kayu\vendor\codeigniter4\framework\system\CodeIgniter.php(455): CodeIgniter\Filters\Filters->run('persediaan', 'before')
#11 D:\xampp\htdocs\pos-kayu\vendor\codeigniter4\framework\system\CodeIgniter.php(351): CodeIgniter\CodeIgniter->handleRequest(NULL, Object(Config\Cache), false)
#12 D:\xampp\htdocs\pos-kayu\public\index.php(67): CodeIgniter\CodeIgniter->run()
#13 {main}

Next CodeIgniter\Database\Exceptions\DatabaseException: No connection could be made because the target machine actively refused it in D:\xampp\htdocs\pos-kayu\vendor\codeigniter4\framework\system\Database\MySQLi\Connection.php:215
Stack trace:
#0 D:\xampp\htdocs\pos-kayu\vendor\codeigniter4\framework\system\Database\BaseConnection.php(382): CodeIgniter\Database\MySQLi\Connection->connect(false)
#1 D:\xampp\htdocs\pos-kayu\vendor\codeigniter4\framework\system\Database\BaseConnection.php(561): CodeIgniter\Database\BaseConnection->initialize()
#2 D:\xampp\htdocs\pos-kayu\vendor\codeigniter4\framework\system\Database\BaseBuilder.php(1585): CodeIgniter\Database\BaseConnection->query('SELECT *\nFROM `...', Array, false)
#3 D:\xampp\htdocs\pos-kayu\vendor\codeigniter4\framework\system\Model.php(182): CodeIgniter\Database\BaseBuilder->get()
#4 D:\xampp\htdocs\pos-kayu\vendor\codeigniter4\framework\system\BaseModel.php(524): CodeIgniter\Model->doFind(true, '1')
#5 D:\xampp\htdocs\pos-kayu\app\ThirdParty\myth-auth\src\Authentication\AuthenticationBase.php(130): CodeIgniter\BaseModel->find('1')
#6 D:\xampp\htdocs\pos-kayu\app\ThirdParty\myth-auth\src\Authentication\LocalAuthenticator.php(67): Myth\Auth\Authentication\AuthenticationBase->isLoggedIn()
#7 D:\xampp\htdocs\pos-kayu\app\ThirdParty\myth-auth\src\Filters\RoleFilter.php(21): Myth\Auth\Authentication\LocalAuthenticator->check()
#8 D:\xampp\htdocs\pos-kayu\vendor\codeigniter4\framework\system\Filters\Filters.php(173): Myth\Auth\Filters\RoleFilter->before(Object(CodeIgniter\HTTP\IncomingRequest), Array)
#9 D:\xampp\htdocs\pos-kayu\vendor\codeigniter4\framework\system\CodeIgniter.php(455): CodeIgniter\Filters\Filters->run('persediaan', 'before')
#10 D:\xampp\htdocs\pos-kayu\vendor\codeigniter4\framework\system\CodeIgniter.php(351): CodeIgniter\CodeIgniter->handleRequest(NULL, Object(Config\Cache), false)
#11 D:\xampp\htdocs\pos-kayu\public\index.php(67): CodeIgniter\CodeIgniter->run()
#12 {main}
CRITICAL - 2022-12-14 17:14:14 --> Unable to connect to the database.
Main connection [MySQLi]: No connection could be made because the target machine actively refused it
in SYSTEMPATH\Database\BaseConnection.php on line 418.
 1 SYSTEMPATH\Database\BaseConnection.php(561): CodeIgniter\Database\BaseConnection->initialize()
 2 SYSTEMPATH\Database\BaseBuilder.php(1585): CodeIgniter\Database\BaseConnection->query('SELECT *
FROM `users`
WHERE `users`.`deleted_at` IS NULL
AND `users`.`id` = :users.id:', [...], false)
 3 SYSTEMPATH\Model.php(182): CodeIgniter\Database\BaseBuilder->get()
 4 SYSTEMPATH\BaseModel.php(524): CodeIgniter\Model->doFind(true, '1')
 5 APPPATH\ThirdParty\myth-auth\src\Authentication\AuthenticationBase.php(130): CodeIgniter\BaseModel->find('1')
 6 APPPATH\ThirdParty\myth-auth\src\Authentication\LocalAuthenticator.php(67): Myth\Auth\Authentication\AuthenticationBase->isLoggedIn()
 7 APPPATH\ThirdParty\myth-auth\src\Filters\RoleFilter.php(21): Myth\Auth\Authentication\LocalAuthenticator->check()
 8 SYSTEMPATH\Filters\Filters.php(173): Myth\Auth\Filters\RoleFilter->before(Object(CodeIgniter\HTTP\IncomingRequest), [...])
 9 SYSTEMPATH\CodeIgniter.php(455): CodeIgniter\Filters\Filters->run('persediaan', 'before')
10 SYSTEMPATH\CodeIgniter.php(351): CodeIgniter\CodeIgniter->handleRequest(null, Object(Config\Cache), false)
11 FCPATH\index.php(67): CodeIgniter\CodeIgniter->run()
